2025-06-19 17:06:58 [INFO] __main__: Discovering tables in godseed_aggressive_shadow.db
2025-06-19 17:06:59 [INFO] __main__: Found tables: ['embryo_state', 'fatal_events', 'goal_q_table', 'heartbeats', 'mutation_contexts', 'mutation_episodes', 'mutation_metrics', 'mutations', 'reflections', 'survival_details', 'transitions']
2025-06-19 17:06:59 [INFO] __main__: Attached godseed_aggressive_shadow.db -> schema src0
2025-06-19 17:06:59 [INFO] __main__: Attached godseed_aggressive_full.db -> schema src1
2025-06-19 17:06:59 [INFO] __main__: Merging table `embryo_state`…
2025-06-19 17:06:59 [INFO] __main__: Merging table `fatal_events`…
2025-06-19 17:06:59 [INFO] __main__: Merging table `goal_q_table`…
2025-06-19 17:06:59 [INFO] __main__: Merging table `heartbeats`…
2025-06-19 17:06:59 [INFO] __main__: Merging table `mutation_contexts`…
2025-06-19 17:06:59 [INFO] __main__: Merging table `mutation_episodes`…
2025-06-19 17:06:59 [INFO] __main__: Merging table `mutation_metrics`…
2025-06-19 17:06:59 [INFO] __main__: Merging table `mutations`…
2025-06-19 17:06:59 [INFO] __main__: Merging table `reflections`…
2025-06-19 17:06:59 [INFO] __main__: Merging table `survival_details`…
2025-06-19 17:06:59 [INFO] __main__: Merging table `transitions`…
2025-06-19 17:06:59 [INFO] __main__: Done! Merged 11 tables into `godseed_training.db`
2025-06-19 17:08:20 [INFO] __main__: Loaded 1436 transitions
2025-06-19 17:08:20 [INFO] __main__: time span: 2025-06-16 22:27:02.027000 -> 2025-06-19 15:50:24.302000
2025-06-19 17:09:20 [INFO] __main__: [Pretrain] Epoch 1/10  Loss=21.267453
2025-06-19 17:09:20 [INFO] __main__: [Pretrain] Epoch 2/10  Loss=3.698684
2025-06-19 17:09:20 [INFO] __main__: [Pretrain] Epoch 3/10  Loss=0.538654
2025-06-19 17:09:21 [INFO] __main__: [Pretrain] Epoch 4/10  Loss=0.409045
2025-06-19 17:09:21 [INFO] __main__: [Pretrain] Epoch 5/10  Loss=0.086562
2025-06-19 17:09:21 [INFO] __main__: [Pretrain] Epoch 6/10  Loss=0.014804
2025-06-19 17:09:22 [INFO] __main__: [Pretrain] Epoch 7/10  Loss=0.006407
2025-06-19 17:09:22 [INFO] __main__: [Pretrain] Epoch 8/10  Loss=0.002418
2025-06-19 17:09:22 [INFO] __main__: [Pretrain] Epoch 9/10  Loss=0.000798
2025-06-19 17:09:23 [INFO] __main__: [Pretrain] Epoch 10/10  Loss=0.000233
2025-06-19 17:09:23 [INFO] __main__: Saved pretrained weights to critic_pretrained.pt
